[debug] [2018-01-23T22:33:10.993Z] ----------------------------------------------------------------------
[debug] [2018-01-23T22:33:10.996Z] Command:       /Users/paulbrown/.nvm/versions/node/v6.11.3/bin/node /Users/paulbrown/.nvm/versions/node/v6.11.3/bin/firebase serve
[debug] [2018-01-23T22:33:10.996Z] CLI Version:   3.13.1
[debug] [2018-01-23T22:33:10.997Z] Platform:      darwin
[debug] [2018-01-23T22:33:10.997Z] Node Version:  v6.11.3
[debug] [2018-01-23T22:33:10.997Z] Time:          Tue Jan 23 2018 17:33:10 GMT-0500 (EST)
[debug] [2018-01-23T22:33:10.997Z] ----------------------------------------------------------------------
[debug] 
[debug] [2018-01-23T22:33:11.014Z] > command requires scopes: ["email","openid","https://www.googleapis.com/auth/cloudplatformprojects.readonly","https://www.googleapis.com/auth/firebase","https://www.googleapis.com/auth/cloud-platform"]
[debug] [2018-01-23T22:33:11.015Z] > authorizing via signed-in user
[debug] [2018-01-23T22:33:11.018Z] >>> HTTP REQUEST GET https://admin.firebase.com/v1/projects/chatly-b6c57  
 Tue Jan 23 2018 17:33:11 GMT-0500 (EST)
[debug] [2018-01-23T22:33:15.019Z] <<< HTTP RESPONSE 200
[debug] [2018-01-23T22:33:15.020Z] >>> HTTP REQUEST GET https://admin.firebase.com/v1/database/chatly-b6c57/tokens  
 Tue Jan 23 2018 17:33:15 GMT-0500 (EST)
[debug] [2018-01-23T22:33:16.776Z] <<< HTTP RESPONSE 200
[info] 
[info] === Serving from '/Users/paulbrown/Documents/challenges/chatly'...
[info] 
[debug] [2018-01-23T22:33:16.779Z] >>> HTTP REQUEST GET https://cloudresourcemanager.googleapis.com/v1/projects/chatly-b6c57  
 Tue Jan 23 2018 17:33:16 GMT-0500 (EST)
[debug] [2018-01-23T22:33:19.314Z] <<< HTTP RESPONSE 200
[debug] [2018-01-23T22:33:19.315Z] >>> HTTP REQUEST GET https://mobilesdk-pa.googleapis.com/v1/projects/535573554793/clients/_:getWebAppConfig  
 Tue Jan 23 2018 17:33:19 GMT-0500 (EST)
[debug] [2018-01-23T22:33:21.861Z] <<< HTTP RESPONSE 200
[info] i  hosting: Serving hosting files from: public
[info] ✔  hosting: Local server: http://localhost:5000

